Arguments: 
  C:\Program Files\nodejs\node.exe C:\Users\rkroo\AppData\Roaming\npm\node_modules\yarn\bin\yarn.js add express mysql body-parser date-formate-lite

PATH: 
  C:\Users\rkroo\AppData\Roaming\npm;C:\Program Files\nodejs\;C:\Windows\system32;C:\Windows;C:\Windows\System32\Wbem;C:\Windows\System32\WindowsPowerShell\v1.0\;C:\Windows\System32\OpenSSH\;C:\Program Files (x86)\NVIDIA Corporation\PhysX\Common;C:\Program Files\NVIDIA Corporation\NVIDIA NvDLISR;C:\Program Files (x86)\Brackets\command;C:\WINDOWS\system32;C:\WINDOWS;C:\WINDOWS\System32\Wbem;C:\WINDOWS\System32\WindowsPowerShell\v1.0\;C:\WINDOWS\System32\OpenSSH\;C:\Program Files\nodejs\;C:\Program Files\Git\cmd;C:\Users\rkroo\AppData\Local\Programs\Python\Python39\Scripts\;C:\Users\rkroo\AppData\Local\Programs\Python\Python39\;C:\Users\rkroo\AppData\Local\Microsoft\WindowsApps;C:\Users\rkroo\AppData\Local\GitHubDesktop\bin;C:\Users\rkroo\AppData\Local\Microsoft\WindowsApps;;C:\Users\rkroo\AppData\Local\Programs\Microsoft VS Code\bin;C:\Users\rkroo\AppData\Roaming\npm

Yarn version: 
  1.22.10

Node version: 
  14.16.0

Platform: 
  win32 x64

Trace: 
  Error: https://registry.yarnpkg.com/date-formate-lite: Not found
      at Request.params.callback [as _callback] (C:\Users\rkroo\AppData\Roaming\npm\node_modules\yarn\lib\cli.js:66988:18)
      at Request.self.callback (C:\Users\rkroo\AppData\Roaming\npm\node_modules\yarn\lib\cli.js:140662:22)
      at Request.emit (events.js:315:20)
      at Request.<anonymous> (C:\Users\rkroo\AppData\Roaming\npm\node_modules\yarn\lib\cli.js:141634:10)
      at Request.emit (events.js:315:20)
      at IncomingMessage.<anonymous> (C:\Users\rkroo\AppData\Roaming\npm\node_modules\yarn\lib\cli.js:141556:12)
      at Object.onceWrapper (events.js:421:28)
      at IncomingMessage.emit (events.js:327:22)
      at endReadableNT (internal/streams/readable.js:1327:12)
      at processTicksAndRejections (internal/process/task_queues.js:80:21)

npm manifest: 
  {
    "name": "Schedular",
    "version": "1.0.0",
    "main": "server.js",
    "license": "MIT",
    "scripts": {
      "start": "node server.js"
    },
    "dependencies": {
      "body-parser": "^1.19.0",
      "date-format-lite": "^17.7.0",
      "express": "^4.17.0",
      "helmet": "^3.18.0",
      "mysql": "^2.17.1",
      "xss-filters": "^1.2.7"
    },
    "description": "Schedular",
    "repository": "https:/www.github.com/rkrooneman/schedular.git",
    "author": "Roderik Krooneman",
    "private": false
  }

yarn manifest: 
  No manifest

Lockfile: 
  No lockfile
